<?xml version="1.0" encoding="UTF-8"?>
<testsuite name="com.example.demo.TestClassTest" tests="1" skipped="0" failures="0" errors="0" timestamp="2025-07-14T09:15:19.849Z" hostname="DESKTOP-MITJE12" time="0.013">
  <properties/>
  <testcase name="더하기 테스트" classname="com.example.demo.TestClassTest" time="0.013"/>
  <system-out><![CDATA[]]></system-out>
  <system-err><![CDATA[]]></system-err>
</testsuite>
